<?xml version="1.0" encoding="UTF-8"?>
<coverage generated="1574432578220" clover="3.2.0">
  <project timestamp="1574432578220" name="All files">
    <metrics statements="34" coveredstatements="23" conditionals="7" coveredconditionals="3" methods="19" coveredmethods="13" elements="60" coveredelements="39" complexity="0" loc="34" ncloc="34" packages="8" files="9" classes="9"/>
    <package name="src">
      <metrics statements="2" coveredstatements="0" conditionals="0" coveredconditionals="0" methods="0" coveredmethods="0"/>
      <file name="index.js" path="/home/dnn/Projetos/Daniel/semana-11/aula46/planner-boilerplate/src/index.js">
        <metrics statements="2" coveredstatements="0" conditionals="0" coveredconditionals="0" methods="0" coveredmethods="0"/>
        <line num="5" count="0" type="stmt"/>
        <line num="6" count="0" type="stmt"/>
      </file>
    </package>
    <package name="src.actions">
      <metrics statements="5" coveredstatements="5" conditionals="0" coveredconditionals="0" methods="3" coveredmethods="3"/>
      <file name="tasks.js" path="/home/dnn/Projetos/Daniel/semana-11/aula46/planner-boilerplate/src/actions/tasks.js">
        <metrics statements="5" coveredstatements="5" conditionals="0" coveredconditionals="0" methods="3" coveredmethods="3"/>
        <line num="3" count="3" type="stmt"/>
        <line num="5" count="3" type="stmt"/>
        <line num="12" count="3" type="stmt"/>
        <line num="13" count="1" type="stmt"/>
        <line num="14" count="1" type="stmt"/>
      </file>
    </package>
    <package name="src.components.TaskItem">
      <metrics statements="1" coveredstatements="0" conditionals="0" coveredconditionals="0" methods="1" coveredmethods="0"/>
      <file name="index.js" path="/home/dnn/Projetos/Daniel/semana-11/aula46/planner-boilerplate/src/components/TaskItem/index.js">
        <metrics statements="1" coveredstatements="0" conditionals="0" coveredconditionals="0" methods="1" coveredmethods="0"/>
        <line num="4" count="0" type="stmt"/>
      </file>
    </package>
    <package name="src.containers.App">
      <metrics statements="5" coveredstatements="0" conditionals="2" coveredconditionals="0" methods="2" coveredmethods="0"/>
      <file name="index.js" path="/home/dnn/Projetos/Daniel/semana-11/aula46/planner-boilerplate/src/containers/App/index.js">
        <metrics statements="5" coveredstatements="0" conditionals="2" coveredconditionals="0" methods="2" coveredmethods="0"/>
        <line num="10" count="0" type="stmt"/>
        <line num="14" count="0" type="stmt"/>
        <line num="17" count="0" type="stmt"/>
        <line num="19" count="0" type="stmt"/>
        <line num="20" count="0" type="stmt"/>
      </file>
    </package>
    <package name="src.containers.DayCard">
      <metrics statements="4" coveredstatements="4" conditionals="0" coveredconditionals="0" methods="3" coveredmethods="3"/>
      <file name="index.js" path="/home/dnn/Projetos/Daniel/semana-11/aula46/planner-boilerplate/src/containers/DayCard/index.js">
        <metrics statements="4" coveredstatements="4" conditionals="0" coveredconditionals="0" methods="3" coveredmethods="3"/>
        <line num="7" count="1" type="stmt"/>
        <line num="9" count="1" type="stmt"/>
        <line num="15" count="1" type="stmt"/>
        <line num="16" count="1" type="stmt"/>
      </file>
    </package>
    <package name="src.containers.Planner">
      <metrics statements="11" coveredstatements="10" conditionals="2" coveredconditionals="2" methods="9" coveredmethods="6"/>
      <file name="index.js" path="/home/dnn/Projetos/Daniel/semana-11/aula46/planner-boilerplate/src/containers/Planner/index.js">
        <metrics statements="11" coveredstatements="10" conditionals="2" coveredconditionals="2" methods="9" coveredmethods="6"/>
        <line num="9" count="2" type="stmt"/>
        <line num="13" count="2" type="stmt"/>
        <line num="14" count="2" type="stmt"/>
        <line num="20" count="2" type="cond" truecount="2" falsecount="0"/>
        <line num="21" count="21" type="stmt"/>
        <line num="22" count="7" type="stmt"/>
        <line num="24" count="7" type="stmt"/>
        <line num="27" count="2" type="stmt"/>
        <line num="30" count="1" type="stmt"/>
        <line num="34" count="1" type="stmt"/>
        <line num="35" count="0" type="stmt"/>
      </file>
    </package>
    <package name="src.reducers">
      <metrics statements="6" coveredstatements="4" conditionals="3" coveredconditionals="1" methods="1" coveredmethods="1"/>
      <file name="index.js" path="/home/dnn/Projetos/Daniel/semana-11/aula46/planner-boilerplate/src/reducers/index.js">
        <metrics statements="1" coveredstatements="0" conditionals="0" coveredconditionals="0" methods="0" coveredmethods="0"/>
        <line num="4" count="0" type="stmt"/>
      </file>
      <file name="tasks.js" path="/home/dnn/Projetos/Daniel/semana-11/aula46/planner-boilerplate/src/reducers/tasks.js">
        <metrics statements="5" coveredstatements="4" conditionals="3" coveredconditionals="1" methods="1" coveredmethods="1"/>
        <line num="1" count="1" type="stmt"/>
        <line num="5" count="1" type="cond" truecount="0" falsecount="1"/>
        <line num="6" count="1" type="cond" truecount="1" falsecount="1"/>
        <line num="8" count="1" type="stmt"/>
        <line num="10" count="0" type="stmt"/>
      </file>
    </package>
    <package name="src.style">
      <metrics statements="0" coveredstatements="0" conditionals="0" coveredconditionals="0" methods="0" coveredmethods="0"/>
      <file name="theme.js" path="/home/dnn/Projetos/Daniel/semana-11/aula46/planner-boilerplate/src/style/theme.js">
        <metrics statements="0" coveredstatements="0" conditionals="0" coveredconditionals="0" methods="0" coveredmethods="0"/>
      </file>
    </package>
  </project>
</coverage>
