{"/home/dnn/Projetos/Daniel/semana-11/aula46/planner-boilerplate/src/index.js": {"path":"/home/dnn/Projetos/Daniel/semana-11/aula46/planner-boilerplate/src/index.js","statementMap":{"0":{"start":{"line":5,"column":20},"end":{"line":5,"column":51}},"1":{"start":{"line":6,"column":0},"end":{"line":6,"column":38}}},"fnMap":{},"branchMap":{},"s":{"0":0,"1":0},"f":{},"b":{},"hash":"4e3060927557afd5fe41fda25be9b4e4053f19d6"}
,"/home/dnn/Projetos/Daniel/semana-11/aula46/planner-boilerplate/src/actions/expenses.js": {"path":"/home/dnn/Projetos/Daniel/semana-11/aula46/planner-boilerplate/src/actions/expenses.js","statementMap":{"0":{"start":{"line":3,"column":23},"end":{"line":3,"column":100}},"1":{"start":{"line":5,"column":29},"end":{"line":10,"column":2}},"2":{"start":{"line":5,"column":41},"end":{"line":10,"column":1}},"3":{"start":{"line":12,"column":32},"end":{"line":15,"column":1}},"4":{"start":{"line":12,"column":38},"end":{"line":15,"column":1}},"5":{"start":{"line":13,"column":21},"end":{"line":13,"column":39}},"6":{"start":{"line":14,"column":4},"end":{"line":14,"column":42}}},"fnMap":{"0":{"name":"(anonymous_0)","decl":{"start":{"line":5,"column":29},"end":{"line":5,"column":30}},"loc":{"start":{"line":5,"column":41},"end":{"line":10,"column":1}},"line":5},"1":{"name":"(anonymous_1)","decl":{"start":{"line":12,"column":32},"end":{"line":12,"column":33}},"loc":{"start":{"line":12,"column":38},"end":{"line":15,"column":1}},"line":12},"2":{"name":"(anonymous_2)","decl":{"start":{"line":12,"column":38},"end":{"line":12,"column":39}},"loc":{"start":{"line":12,"column":58},"end":{"line":15,"column":1}},"line":12}},"branchMap":{},"s":{"0":3,"1":3,"2":3,"3":3,"4":1,"5":1,"6":1},"f":{"0":3,"1":1,"2":1},"b":{},"_coverageSchema":"43e27e138ebf9cfc5966b082cf9a028302ed4184","hash":"9d6e67a173cd4abebdd94bc55962ee88856704b1"}
,"/home/dnn/Projetos/Daniel/semana-11/aula46/planner-boilerplate/src/components/TaskItem/index.js": {"path":"/home/dnn/Projetos/Daniel/semana-11/aula46/planner-boilerplate/src/components/TaskItem/index.js","statementMap":{"0":{"start":{"line":4,"column":4},"end":{"line":8,"column":5}}},"fnMap":{"0":{"name":"TaskItem","decl":{"start":{"line":3,"column":24},"end":{"line":3,"column":32}},"loc":{"start":{"line":3,"column":40},"end":{"line":9,"column":1}},"line":3}},"branchMap":{},"s":{"0":0},"f":{"0":0},"b":{},"hash":"4c5d67d0554536c7cf1513be780e7d48a6148b36"}
,"/home/dnn/Projetos/Daniel/semana-11/aula46/planner-boilerplate/src/containers/App/index.js": {"path":"/home/dnn/Projetos/Daniel/semana-11/aula46/planner-boilerplate/src/containers/App/index.js","statementMap":{"0":{"start":{"line":10,"column":20},"end":{"line":15,"column":1}},"1":{"start":{"line":14,"column":11},"end":{"line":14,"column":12}},"2":{"start":{"line":17,"column":14},"end":{"line":17,"column":63}},"3":{"start":{"line":19,"column":19},"end":{"line":26,"column":1}},"4":{"start":{"line":20,"column":2},"end":{"line":25,"column":13}}},"fnMap":{"0":{"name":"(anonymous_0)","decl":{"start":{"line":14,"column":6},"end":{"line":14,"column":7}},"loc":{"start":{"line":14,"column":11},"end":{"line":14,"column":12}},"line":14},"1":{"name":"(anonymous_1)","decl":{"start":{"line":19,"column":19},"end":{"line":19,"column":20}},"loc":{"start":{"line":20,"column":2},"end":{"line":25,"column":13}},"line":20}},"branchMap":{"0":{"loc":{"start":{"line":12,"column":2},"end":{"line":14,"column":12}},"type":"cond-expr","locations":[{"start":{"line":13,"column":6},"end":{"line":13,"column":43}},{"start":{"line":14,"column":6},"end":{"line":14,"column":12}}],"line":12}},"s":{"0":0,"1":0,"2":0,"3":0,"4":0},"f":{"0":0,"1":0},"b":{"0":[0,0]},"hash":"cc22cd89cc009b6eb8f83ae6079adaeb14ee87d3"}
,"/home/dnn/Projetos/Daniel/semana-11/aula46/planner-boilerplate/src/containers/DayCard/index.js": {"path":"/home/dnn/Projetos/Daniel/semana-11/aula46/planner-boilerplate/src/containers/DayCard/index.js","statementMap":{"0":{"start":{"line":6,"column":8},"end":{"line":6,"column":20}},"1":{"start":{"line":8,"column":8},"end":{"line":10,"column":9}},"2":{"start":{"line":14,"column":8},"end":{"line":21,"column":9}}},"fnMap":{"0":{"name":"(anonymous_0)","decl":{"start":{"line":5,"column":4},"end":{"line":5,"column":5}},"loc":{"start":{"line":5,"column":23},"end":{"line":11,"column":5}},"line":5},"1":{"name":"(anonymous_1)","decl":{"start":{"line":13,"column":4},"end":{"line":13,"column":5}},"loc":{"start":{"line":13,"column":13},"end":{"line":22,"column":5}},"line":13}},"branchMap":{},"s":{"0":0,"1":0,"2":0},"f":{"0":0,"1":0},"b":{},"_coverageSchema":"43e27e138ebf9cfc5966b082cf9a028302ed4184","hash":"2e8ce53aba1e63f198d5633867446500832b63fe"}
,"/home/dnn/Projetos/Daniel/semana-11/aula46/planner-boilerplate/src/containers/Planner/index.js": {"path":"/home/dnn/Projetos/Daniel/semana-11/aula46/planner-boilerplate/src/containers/Planner/index.js","statementMap":{"0":{"start":{"line":10,"column":4},"end":{"line":10,"column":41}},"1":{"start":{"line":13,"column":24},"end":{"line":15,"column":2}},"2":{"start":{"line":13,"column":34},"end":{"line":15,"column":1}},"3":{"start":{"line":17,"column":27},"end":{"line":19,"column":2}},"4":{"start":{"line":17,"column":40},"end":{"line":19,"column":1}},"5":{"start":{"line":18,"column":26},"end":{"line":18,"column":54}}},"fnMap":{"0":{"name":"(anonymous_0)","decl":{"start":{"line":9,"column":2},"end":{"line":9,"column":3}},"loc":{"start":{"line":9,"column":11},"end":{"line":11,"column":3}},"line":9},"1":{"name":"(anonymous_1)","decl":{"start":{"line":13,"column":24},"end":{"line":13,"column":25}},"loc":{"start":{"line":13,"column":34},"end":{"line":15,"column":1}},"line":13},"2":{"name":"(anonymous_2)","decl":{"start":{"line":17,"column":27},"end":{"line":17,"column":28}},"loc":{"start":{"line":17,"column":40},"end":{"line":19,"column":1}},"line":17},"3":{"name":"(anonymous_3)","decl":{"start":{"line":18,"column":20},"end":{"line":18,"column":21}},"loc":{"start":{"line":18,"column":26},"end":{"line":18,"column":54}},"line":18}},"branchMap":{},"s":{"0":1,"1":1,"2":0,"3":1,"4":0,"5":0},"f":{"0":1,"1":0,"2":0,"3":0},"b":{},"_coverageSchema":"43e27e138ebf9cfc5966b082cf9a028302ed4184","hash":"b87f3d440bdd94d054c28b51b37ba4eed211423b"}
,"/home/dnn/Projetos/Daniel/semana-11/aula46/planner-boilerplate/src/reducers/index.js": {"path":"/home/dnn/Projetos/Daniel/semana-11/aula46/planner-boilerplate/src/reducers/index.js","statementMap":{"0":{"start":{"line":4,"column":27},"end":{"line":6,"column":2}}},"fnMap":{},"branchMap":{},"s":{"0":0},"f":{},"b":{},"hash":"ce204d0a2c55e8b20e79d395f71cee296c8f1a59"}
,"/home/dnn/Projetos/Daniel/semana-11/aula46/planner-boilerplate/src/reducers/tasks.js": {"path":"/home/dnn/Projetos/Daniel/semana-11/aula46/planner-boilerplate/src/reducers/tasks.js","statementMap":{"0":{"start":{"line":1,"column":21},"end":{"line":3,"column":1}},"1":{"start":{"line":5,"column":21},"end":{"line":12,"column":1}},"2":{"start":{"line":6,"column":4},"end":{"line":11,"column":5}},"3":{"start":{"line":8,"column":12},"end":{"line":8,"column":61}},"4":{"start":{"line":10,"column":12},"end":{"line":10,"column":24}}},"fnMap":{"0":{"name":"(anonymous_0)","decl":{"start":{"line":5,"column":21},"end":{"line":5,"column":22}},"loc":{"start":{"line":5,"column":54},"end":{"line":12,"column":1}},"line":5}},"branchMap":{"0":{"loc":{"start":{"line":5,"column":22},"end":{"line":5,"column":42}},"type":"default-arg","locations":[{"start":{"line":5,"column":30},"end":{"line":5,"column":42}}],"line":5},"1":{"loc":{"start":{"line":6,"column":4},"end":{"line":11,"column":5}},"type":"switch","locations":[{"start":{"line":7,"column":8},"end":{"line":8,"column":61}},{"start":{"line":9,"column":8},"end":{"line":10,"column":24}}],"line":6}},"s":{"0":1,"1":1,"2":1,"3":1,"4":0},"f":{"0":1},"b":{"0":[0],"1":[1,0]},"_coverageSchema":"43e27e138ebf9cfc5966b082cf9a028302ed4184","hash":"30e7244e90e45cd726934da9274a2f22d1cba9cb"}
,"/home/dnn/Projetos/Daniel/semana-11/aula46/planner-boilerplate/src/style/theme.js": {"path":"/home/dnn/Projetos/Daniel/semana-11/aula46/planner-boilerplate/src/style/theme.js","statementMap":{},"fnMap":{},"branchMap":{},"s":{},"f":{},"b":{},"hash":"78bcbff9b415cf2dcdb6c6408d8c6fa9c0951fa3"}
}
