{"/home/dnn/Projetos/Daniel/semana-11/aula46/planner-boilerplate/src/index.js": {"path":"/home/dnn/Projetos/Daniel/semana-11/aula46/planner-boilerplate/src/index.js","statementMap":{"0":{"start":{"line":5,"column":20},"end":{"line":5,"column":51}},"1":{"start":{"line":6,"column":0},"end":{"line":6,"column":38}}},"fnMap":{},"branchMap":{},"s":{"0":0,"1":0},"f":{},"b":{},"hash":"4e3060927557afd5fe41fda25be9b4e4053f19d6"}
,"/home/dnn/Projetos/Daniel/semana-11/aula46/planner-boilerplate/src/actions/tasks.js": {"path":"/home/dnn/Projetos/Daniel/semana-11/aula46/planner-boilerplate/src/actions/tasks.js","statementMap":{"0":{"start":{"line":3,"column":23},"end":{"line":3,"column":100}},"1":{"start":{"line":5,"column":29},"end":{"line":10,"column":2}},"2":{"start":{"line":5,"column":41},"end":{"line":10,"column":1}},"3":{"start":{"line":12,"column":32},"end":{"line":15,"column":1}},"4":{"start":{"line":12,"column":38},"end":{"line":15,"column":1}},"5":{"start":{"line":13,"column":21},"end":{"line":13,"column":45}},"6":{"start":{"line":14,"column":4},"end":{"line":14,"column":42}},"7":{"start":{"line":17,"column":30},"end":{"line":24,"column":1}},"8":{"start":{"line":17,"column":45},"end":{"line":24,"column":1}},"9":{"start":{"line":18,"column":17},"end":{"line":18,"column":30}},"10":{"start":{"line":19,"column":21},"end":{"line":19,"column":52}},"11":{"start":{"line":21,"column":4},"end":{"line":23,"column":5}},"12":{"start":{"line":22,"column":8},"end":{"line":22,"column":37}}},"fnMap":{"0":{"name":"(anonymous_0)","decl":{"start":{"line":5,"column":29},"end":{"line":5,"column":30}},"loc":{"start":{"line":5,"column":41},"end":{"line":10,"column":1}},"line":5},"1":{"name":"(anonymous_1)","decl":{"start":{"line":12,"column":32},"end":{"line":12,"column":33}},"loc":{"start":{"line":12,"column":38},"end":{"line":15,"column":1}},"line":12},"2":{"name":"(anonymous_2)","decl":{"start":{"line":12,"column":38},"end":{"line":12,"column":39}},"loc":{"start":{"line":12,"column":58},"end":{"line":15,"column":1}},"line":12},"3":{"name":"(anonymous_3)","decl":{"start":{"line":17,"column":30},"end":{"line":17,"column":31}},"loc":{"start":{"line":17,"column":45},"end":{"line":24,"column":1}},"line":17},"4":{"name":"(anonymous_4)","decl":{"start":{"line":17,"column":45},"end":{"line":17,"column":46}},"loc":{"start":{"line":17,"column":63},"end":{"line":24,"column":1}},"line":17}},"branchMap":{"0":{"loc":{"start":{"line":21,"column":4},"end":{"line":23,"column":5}},"type":"if","locations":[{"start":{"line":21,"column":4},"end":{"line":23,"column":5}},{"start":{"line":21,"column":4},"end":{"line":23,"column":5}}],"line":21}},"s":{"0":3,"1":3,"2":3,"3":3,"4":2,"5":1,"6":1,"7":3,"8":1,"9":1,"10":1,"11":1,"12":1},"f":{"0":3,"1":2,"2":1,"3":1,"4":1},"b":{"0":[1,0]},"_coverageSchema":"43e27e138ebf9cfc5966b082cf9a028302ed4184","hash":"5aa4ab0d6b87ffa0bfdfc9bead7daa9e85420628"}
,"/home/dnn/Projetos/Daniel/semana-11/aula46/planner-boilerplate/src/components/NewTaskForm/daysSelectOptions.js": {"path":"/home/dnn/Projetos/Daniel/semana-11/aula46/planner-boilerplate/src/components/NewTaskForm/daysSelectOptions.js","statementMap":{"0":{"start":{"line":4,"column":4},"end":{"line":14,"column":5}}},"fnMap":{"0":{"name":"DaysSelectOptions","decl":{"start":{"line":3,"column":24},"end":{"line":3,"column":41}},"loc":{"start":{"line":3,"column":44},"end":{"line":15,"column":1}},"line":3}},"branchMap":{},"s":{"0":1},"f":{"0":1},"b":{},"_coverageSchema":"43e27e138ebf9cfc5966b082cf9a028302ed4184","hash":"ed4b6ec8a529efc7f8d9aadcf9aca80a736bd779"}
,"/home/dnn/Projetos/Daniel/semana-11/aula46/planner-boilerplate/src/components/NewTaskForm/index.js": {"path":"/home/dnn/Projetos/Daniel/semana-11/aula46/planner-boilerplate/src/components/NewTaskForm/index.js","statementMap":{"0":{"start":{"line":6,"column":28},"end":{"line":6,"column":66}},"1":{"start":{"line":8,"column":26},"end":{"line":11,"column":5}},"2":{"start":{"line":9,"column":8},"end":{"line":9,"column":27}},"3":{"start":{"line":10,"column":8},"end":{"line":10,"column":31}},"4":{"start":{"line":13,"column":4},"end":{"line":21,"column":5}},"5":{"start":{"line":15,"column":69},"end":{"line":15,"column":111}},"6":{"start":{"line":16,"column":57},"end":{"line":16,"column":98}}},"fnMap":{"0":{"name":"NewTaskForm","decl":{"start":{"line":4,"column":24},"end":{"line":4,"column":35}},"loc":{"start":{"line":4,"column":43},"end":{"line":22,"column":1}},"line":4},"1":{"name":"(anonymous_1)","decl":{"start":{"line":8,"column":26},"end":{"line":8,"column":27}},"loc":{"start":{"line":8,"column":33},"end":{"line":11,"column":5}},"line":8},"2":{"name":"(anonymous_2)","decl":{"start":{"line":15,"column":62},"end":{"line":15,"column":63}},"loc":{"start":{"line":15,"column":69},"end":{"line":15,"column":111}},"line":15},"3":{"name":"(anonymous_3)","decl":{"start":{"line":16,"column":50},"end":{"line":16,"column":51}},"loc":{"start":{"line":16,"column":57},"end":{"line":16,"column":98}},"line":16}},"branchMap":{},"s":{"0":2,"1":2,"2":1,"3":1,"4":2,"5":0,"6":0},"f":{"0":2,"1":1,"2":0,"3":0},"b":{},"_coverageSchema":"43e27e138ebf9cfc5966b082cf9a028302ed4184","hash":"ad0dd9881c54ff85299e186083512174aa2e9840"}
,"/home/dnn/Projetos/Daniel/semana-11/aula46/planner-boilerplate/src/components/TaskItem/index.js": {"path":"/home/dnn/Projetos/Daniel/semana-11/aula46/planner-boilerplate/src/components/TaskItem/index.js","statementMap":{"0":{"start":{"line":4,"column":4},"end":{"line":8,"column":5}}},"fnMap":{"0":{"name":"TaskItem","decl":{"start":{"line":3,"column":24},"end":{"line":3,"column":32}},"loc":{"start":{"line":3,"column":40},"end":{"line":9,"column":1}},"line":3}},"branchMap":{},"s":{"0":1},"f":{"0":1},"b":{},"_coverageSchema":"43e27e138ebf9cfc5966b082cf9a028302ed4184","hash":"4c5d67d0554536c7cf1513be780e7d48a6148b36"}
,"/home/dnn/Projetos/Daniel/semana-11/aula46/planner-boilerplate/src/containers/App/index.js": {"path":"/home/dnn/Projetos/Daniel/semana-11/aula46/planner-boilerplate/src/containers/App/index.js","statementMap":{"0":{"start":{"line":10,"column":20},"end":{"line":15,"column":1}},"1":{"start":{"line":14,"column":11},"end":{"line":14,"column":12}},"2":{"start":{"line":17,"column":14},"end":{"line":17,"column":63}},"3":{"start":{"line":19,"column":19},"end":{"line":26,"column":1}},"4":{"start":{"line":20,"column":2},"end":{"line":25,"column":13}}},"fnMap":{"0":{"name":"(anonymous_0)","decl":{"start":{"line":14,"column":6},"end":{"line":14,"column":7}},"loc":{"start":{"line":14,"column":11},"end":{"line":14,"column":12}},"line":14},"1":{"name":"(anonymous_1)","decl":{"start":{"line":19,"column":19},"end":{"line":19,"column":20}},"loc":{"start":{"line":20,"column":2},"end":{"line":25,"column":13}},"line":20}},"branchMap":{"0":{"loc":{"start":{"line":12,"column":2},"end":{"line":14,"column":12}},"type":"cond-expr","locations":[{"start":{"line":13,"column":6},"end":{"line":13,"column":43}},{"start":{"line":14,"column":6},"end":{"line":14,"column":12}}],"line":12}},"s":{"0":0,"1":0,"2":0,"3":0,"4":0},"f":{"0":0,"1":0},"b":{"0":[0,0]},"hash":"cc22cd89cc009b6eb8f83ae6079adaeb14ee87d3"}
,"/home/dnn/Projetos/Daniel/semana-11/aula46/planner-boilerplate/src/containers/DayCard/index.js": {"path":"/home/dnn/Projetos/Daniel/semana-11/aula46/planner-boilerplate/src/containers/DayCard/index.js","statementMap":{"0":{"start":{"line":7,"column":8},"end":{"line":7,"column":20}},"1":{"start":{"line":9,"column":8},"end":{"line":11,"column":9}},"2":{"start":{"line":15,"column":26},"end":{"line":15,"column":36}},"3":{"start":{"line":16,"column":23},"end":{"line":16,"column":27}},"4":{"start":{"line":17,"column":8},"end":{"line":19,"column":9}},"5":{"start":{"line":18,"column":12},"end":{"line":18,"column":82}},"6":{"start":{"line":18,"column":45},"end":{"line":18,"column":80}},"7":{"start":{"line":20,"column":8},"end":{"line":25,"column":9}}},"fnMap":{"0":{"name":"(anonymous_0)","decl":{"start":{"line":6,"column":4},"end":{"line":6,"column":5}},"loc":{"start":{"line":6,"column":23},"end":{"line":12,"column":5}},"line":6},"1":{"name":"(anonymous_1)","decl":{"start":{"line":14,"column":4},"end":{"line":14,"column":5}},"loc":{"start":{"line":14,"column":13},"end":{"line":26,"column":5}},"line":14},"2":{"name":"(anonymous_2)","decl":{"start":{"line":18,"column":33},"end":{"line":18,"column":34}},"loc":{"start":{"line":18,"column":45},"end":{"line":18,"column":80}},"line":18}},"branchMap":{"0":{"loc":{"start":{"line":17,"column":8},"end":{"line":19,"column":9}},"type":"if","locations":[{"start":{"line":17,"column":8},"end":{"line":19,"column":9}},{"start":{"line":17,"column":8},"end":{"line":19,"column":9}}],"line":17}},"s":{"0":2,"1":2,"2":2,"3":2,"4":2,"5":1,"6":1,"7":2},"f":{"0":2,"1":2,"2":1},"b":{"0":[1,1]},"_coverageSchema":"43e27e138ebf9cfc5966b082cf9a028302ed4184","hash":"c05264e6e1292fdd9730bbd002ec8b6320b8b85d"}
,"/home/dnn/Projetos/Daniel/semana-11/aula46/planner-boilerplate/src/containers/Planner/index.js": {"path":"/home/dnn/Projetos/Daniel/semana-11/aula46/planner-boilerplate/src/containers/Planner/index.js","statementMap":{"0":{"start":{"line":11,"column":4},"end":{"line":11,"column":28}},"1":{"start":{"line":14,"column":18},"end":{"line":17,"column":3}},"2":{"start":{"line":15,"column":26},"end":{"line":15,"column":36}},"3":{"start":{"line":16,"column":4},"end":{"line":16,"column":34}},"4":{"start":{"line":19,"column":25},"end":{"line":19,"column":35}},"5":{"start":{"line":20,"column":18},"end":{"line":25,"column":5}},"6":{"start":{"line":26,"column":4},"end":{"line":26,"column":118}},"7":{"start":{"line":26,"column":38},"end":{"line":26,"column":116}},"8":{"start":{"line":26,"column":89},"end":{"line":26,"column":113}},"9":{"start":{"line":27,"column":4},"end":{"line":27,"column":104}},"10":{"start":{"line":27,"column":43},"end":{"line":27,"column":102}},"11":{"start":{"line":29,"column":4},"end":{"line":34,"column":6}},"12":{"start":{"line":37,"column":24},"end":{"line":39,"column":2}},"13":{"start":{"line":37,"column":34},"end":{"line":39,"column":1}},"14":{"start":{"line":41,"column":27},"end":{"line":45,"column":2}},"15":{"start":{"line":41,"column":40},"end":{"line":45,"column":1}},"16":{"start":{"line":42,"column":20},"end":{"line":42,"column":48}},"17":{"start":{"line":43,"column":26},"end":{"line":43,"column":60}}},"fnMap":{"0":{"name":"(anonymous_0)","decl":{"start":{"line":10,"column":2},"end":{"line":10,"column":3}},"loc":{"start":{"line":10,"column":22},"end":{"line":12,"column":3}},"line":10},"1":{"name":"(anonymous_1)","decl":{"start":{"line":14,"column":18},"end":{"line":14,"column":19}},"loc":{"start":{"line":14,"column":34},"end":{"line":17,"column":3}},"line":14},"2":{"name":"(anonymous_2)","decl":{"start":{"line":18,"column":2},"end":{"line":18,"column":3}},"loc":{"start":{"line":18,"column":11},"end":{"line":35,"column":3}},"line":18},"3":{"name":"(anonymous_3)","decl":{"start":{"line":26,"column":26},"end":{"line":26,"column":27}},"loc":{"start":{"line":26,"column":38},"end":{"line":26,"column":116}},"line":26},"4":{"name":"(anonymous_4)","decl":{"start":{"line":26,"column":81},"end":{"line":26,"column":82}},"loc":{"start":{"line":26,"column":89},"end":{"line":26,"column":113}},"line":26},"5":{"name":"(anonymous_5)","decl":{"start":{"line":27,"column":26},"end":{"line":27,"column":27}},"loc":{"start":{"line":27,"column":43},"end":{"line":27,"column":102}},"line":27},"6":{"name":"(anonymous_6)","decl":{"start":{"line":37,"column":24},"end":{"line":37,"column":25}},"loc":{"start":{"line":37,"column":34},"end":{"line":39,"column":1}},"line":37},"7":{"name":"(anonymous_7)","decl":{"start":{"line":41,"column":27},"end":{"line":41,"column":28}},"loc":{"start":{"line":41,"column":40},"end":{"line":45,"column":1}},"line":41},"8":{"name":"(anonymous_8)","decl":{"start":{"line":42,"column":14},"end":{"line":42,"column":15}},"loc":{"start":{"line":42,"column":20},"end":{"line":42,"column":48}},"line":42},"9":{"name":"(anonymous_9)","decl":{"start":{"line":43,"column":12},"end":{"line":43,"column":13}},"loc":{"start":{"line":43,"column":26},"end":{"line":43,"column":60}},"line":43}},"branchMap":{},"s":{"0":3,"1":3,"2":1,"3":1,"4":3,"5":3,"6":3,"7":21,"8":21,"9":3,"10":21,"11":3,"12":1,"13":0,"14":1,"15":0,"16":0,"17":0},"f":{"0":3,"1":1,"2":3,"3":21,"4":21,"5":21,"6":0,"7":0,"8":0,"9":0},"b":{},"_coverageSchema":"43e27e138ebf9cfc5966b082cf9a028302ed4184","hash":"933b4e490d050a5286f8ab85b82d9340e828f40f"}
,"/home/dnn/Projetos/Daniel/semana-11/aula46/planner-boilerplate/src/reducers/index.js": {"path":"/home/dnn/Projetos/Daniel/semana-11/aula46/planner-boilerplate/src/reducers/index.js","statementMap":{"0":{"start":{"line":4,"column":27},"end":{"line":6,"column":2}}},"fnMap":{},"branchMap":{},"s":{"0":0},"f":{},"b":{},"hash":"ce204d0a2c55e8b20e79d395f71cee296c8f1a59"}
,"/home/dnn/Projetos/Daniel/semana-11/aula46/planner-boilerplate/src/reducers/tasks.js": {"path":"/home/dnn/Projetos/Daniel/semana-11/aula46/planner-boilerplate/src/reducers/tasks.js","statementMap":{"0":{"start":{"line":1,"column":21},"end":{"line":3,"column":1}},"1":{"start":{"line":5,"column":21},"end":{"line":12,"column":1}},"2":{"start":{"line":6,"column":4},"end":{"line":11,"column":5}},"3":{"start":{"line":8,"column":12},"end":{"line":8,"column":61}},"4":{"start":{"line":10,"column":12},"end":{"line":10,"column":24}}},"fnMap":{"0":{"name":"(anonymous_0)","decl":{"start":{"line":5,"column":21},"end":{"line":5,"column":22}},"loc":{"start":{"line":5,"column":54},"end":{"line":12,"column":1}},"line":5}},"branchMap":{"0":{"loc":{"start":{"line":5,"column":22},"end":{"line":5,"column":42}},"type":"default-arg","locations":[{"start":{"line":5,"column":30},"end":{"line":5,"column":42}}],"line":5},"1":{"loc":{"start":{"line":6,"column":4},"end":{"line":11,"column":5}},"type":"switch","locations":[{"start":{"line":7,"column":8},"end":{"line":8,"column":61}},{"start":{"line":9,"column":8},"end":{"line":10,"column":24}}],"line":6}},"s":{"0":1,"1":1,"2":1,"3":1,"4":0},"f":{"0":1},"b":{"0":[0],"1":[1,0]},"_coverageSchema":"43e27e138ebf9cfc5966b082cf9a028302ed4184","hash":"30e7244e90e45cd726934da9274a2f22d1cba9cb"}
,"/home/dnn/Projetos/Daniel/semana-11/aula46/planner-boilerplate/src/style/theme.js": {"path":"/home/dnn/Projetos/Daniel/semana-11/aula46/planner-boilerplate/src/style/theme.js","statementMap":{},"fnMap":{},"branchMap":{},"s":{},"f":{},"b":{},"hash":"78bcbff9b415cf2dcdb6c6408d8c6fa9c0951fa3"}
}
