TN:
SF:/home/dnn/Projetos/Daniel/semana-11/aula46/planner-boilerplate/src/index.js
FNF:0
FNH:0
DA:5,0
DA:6,0
LF:2
LH:0
BRF:0
BRH:0
end_of_record
TN:
SF:/home/dnn/Projetos/Daniel/semana-11/aula46/planner-boilerplate/src/actions/expenses.js
FN:5,(anonymous_0)
FN:12,(anonymous_1)
FN:12,(anonymous_2)
FNF:3
FNH:3
FNDA:3,(anonymous_0)
FNDA:1,(anonymous_1)
FNDA:1,(anonymous_2)
DA:3,3
DA:5,3
DA:12,3
DA:13,1
DA:14,1
LF:5
LH:5
BRF:0
BRH:0
end_of_record
TN:
SF:/home/dnn/Projetos/Daniel/semana-11/aula46/planner-boilerplate/src/components/TaskItem/index.js
FN:3,TaskItem
FNF:1
FNH:0
FNDA:0,TaskItem
DA:4,0
LF:1
LH:0
BRF:0
BRH:0
end_of_record
TN:
SF:/home/dnn/Projetos/Daniel/semana-11/aula46/planner-boilerplate/src/containers/App/index.js
FN:14,(anonymous_0)
FN:19,(anonymous_1)
FNF:2
FNH:0
FNDA:0,(anonymous_0)
FNDA:0,(anonymous_1)
DA:10,0
DA:14,0
DA:17,0
DA:19,0
DA:20,0
LF:5
LH:0
BRDA:12,0,0,0
BRDA:12,0,1,0
BRF:2
BRH:0
end_of_record
TN:
SF:/home/dnn/Projetos/Daniel/semana-11/aula46/planner-boilerplate/src/containers/DayCard/index.js
FN:5,(anonymous_0)
FN:13,(anonymous_1)
FNF:2
FNH:0
FNDA:0,(anonymous_0)
FNDA:0,(anonymous_1)
DA:6,0
DA:8,0
DA:14,0
LF:3
LH:0
BRF:0
BRH:0
end_of_record
TN:
SF:/home/dnn/Projetos/Daniel/semana-11/aula46/planner-boilerplate/src/containers/Planner/index.js
FN:9,(anonymous_0)
FN:13,(anonymous_1)
FN:17,(anonymous_2)
FN:18,(anonymous_3)
FNF:4
FNH:1
FNDA:1,(anonymous_0)
FNDA:0,(anonymous_1)
FNDA:0,(anonymous_2)
FNDA:0,(anonymous_3)
DA:10,1
DA:13,1
DA:17,1
DA:18,0
LF:4
LH:3
BRF:0
BRH:0
end_of_record
TN:
SF:/home/dnn/Projetos/Daniel/semana-11/aula46/planner-boilerplate/src/reducers/index.js
FNF:0
FNH:0
DA:4,0
LF:1
LH:0
BRF:0
BRH:0
end_of_record
TN:
SF:/home/dnn/Projetos/Daniel/semana-11/aula46/planner-boilerplate/src/reducers/tasks.js
FN:5,(anonymous_0)
FNF:1
FNH:1
FNDA:1,(anonymous_0)
DA:1,1
DA:5,1
DA:6,1
DA:8,1
DA:10,0
LF:5
LH:4
BRDA:5,0,0,0
BRDA:6,1,0,1
BRDA:6,1,1,0
BRF:3
BRH:1
end_of_record
TN:
SF:/home/dnn/Projetos/Daniel/semana-11/aula46/planner-boilerplate/src/style/theme.js
FNF:0
FNH:0
LF:0
LH:0
BRF:0
BRH:0
end_of_record
